<?xml version="1.0" encoding="utf-8"?><testsuites name="pytest tests"><testsuite name="pytest" errors="0" failures="0" skipped="0" tests="11" time="2.725" timestamp="2026-01-18T22:17:41.096950+00:00" hostname="agent-env-148f1cdb-cc6c-4ca2-9ec1-3351cf10b087"><testcase classname="tests.test_chatwidget_features.TestUserCRUD" name="test_get_users" time="0.060" /><testcase classname="tests.test_chatwidget_features.TestUserCRUD" name="test_create_user" time="0.040" /><testcase classname="tests.test_chatwidget_features.TestUserCRUD" name="test_get_user_by_id" time="0.080" /><testcase classname="tests.test_chatwidget_features.TestUserCRUD" name="test_update_user" time="0.116" /><testcase classname="tests.test_chatwidget_features.TestUserCRUD" name="test_delete_user" time="0.112" /><testcase classname="tests.test_chatwidget_features.TestLeadCapture" name="test_create_lead" time="0.039" /><testcase classname="tests.test_chatwidget_features.TestLeadCapture" name="test_get_leads" time="0.036" /><testcase classname="tests.test_chatwidget_features.TestLeadCapture" name="test_lead_deduplication" time="0.156" /><testcase classname="tests.test_chatwidget_features.TestChatAPI" name="test_chat_endpoint" time="1.959" /><testcase classname="tests.test_chatwidget_features.TestChatAPI" name="test_chat_with_empty_message" time="0.040" /><testcase classname="tests.test_chatwidget_features.TestHealthCheck" name="test_health" time="0.034" /></testsuite></testsuites>