<?xml version="1.0" encoding="utf-8"?><testsuites name="pytest tests"><testsuite name="pytest" errors="0" failures="0" skipped="0" tests="4" time="0.299" timestamp="2026-01-19T02:02:16.167398+00:00" hostname="agent-env-84d83a1d-f812-4ff6-a577-785ab56d7186"><testcase classname="tests.test_websocket_silent_disco.TestSilentDiscoWebSocket" name="test_health_check" time="0.080" /><testcase classname="tests.test_websocket_silent_disco.TestSilentDiscoWebSocket" name="test_silent_disco_sessions_endpoint" time="0.040" /><testcase classname="tests.test_websocket_silent_disco.TestSilentDiscoWebSocket" name="test_websocket_connection" time="0.071" /><testcase classname="tests.test_websocket_silent_disco.TestSilentDiscoWebSocket" name="test_websocket_coach_commands" time="0.060" /></testsuite></testsuites>