<?xml version="1.0" encoding="utf-8"?><testsuites name="pytest tests"><testsuite name="pytest" errors="0" failures="0" skipped="0" tests="7" time="1.362" timestamp="2026-01-19T10:58:27.012078+00:00" hostname="agent-env-f9b51d3f-c4e6-4340-b70f-cba708313faf"><testcase classname="tests.test_stripe_checkout.TestStripeCheckout" name="test_create_checkout_success" time="0.420" /><testcase classname="tests.test_stripe_checkout.TestStripeCheckout" name="test_create_checkout_missing_fields" time="0.038" /><testcase classname="tests.test_stripe_checkout.TestStripeCheckout" name="test_checkout_status_endpoint" time="0.643" /><testcase classname="tests.test_stripe_checkout.TestWebSocketSession" name="test_session_exists" time="0.037" /><testcase classname="tests.test_stripe_checkout.TestHealthCheck" name="test_api_root" time="0.082" /><testcase classname="tests.test_stripe_checkout.TestHealthCheck" name="test_courses_endpoint" time="0.038" /><testcase classname="tests.test_stripe_checkout.TestHealthCheck" name="test_offers_endpoint" time="0.042" /></testsuite></testsuites>