<?xml version="1.0" encoding="utf-8"?><testsuites name="pytest tests"><testsuite name="pytest" errors="0" failures="0" skipped="0" tests="13" time="0.202" timestamp="2026-01-19T11:49:35.235555+00:00" hostname="agent-env-679007fb-59b6-4606-877e-00f4db400864"><testcase classname="tests.test_silent_disco_v29.TestSilentDiscoWebSocket" name="test_active_sessions_endpoint_returns_correct_structure" time="0.073" /><testcase classname="tests.test_silent_disco_v29.TestSilentDiscoWebSocket" name="test_api_root_accessible" time="0.046" /><testcase classname="tests.test_silent_disco_v29.TestCodeReviewPLAYHandler" name="test_play_handler_no_audio_context_resume" time="0.002" /><testcase classname="tests.test_silent_disco_v29.TestCodeReviewPLAYHandler" name="test_play_handler_comment_present" time="0.001" /><testcase classname="tests.test_silent_disco_v29.TestCodeReviewAudioUnlock" name="test_audio_unlock_at_join_live_session" time="0.002" /><testcase classname="tests.test_silent_disco_v29.TestCodeReviewAudioUnlock" name="test_audio_unlock_only_when_not_reconnect" time="0.001" /><testcase classname="tests.test_silent_disco_v29.TestCodeReviewTWINT" name="test_twint_in_payment_methods" time="0.001" /><testcase classname="tests.test_silent_disco_v29.TestCodeReviewLiveThumbnail" name="test_live_thumbnail_conditional_rendering" time="0.001" /><testcase classname="tests.test_silent_disco_v29.TestCodeReviewLiveThumbnail" name="test_live_thumbnail_comment_present" time="0.001" /><testcase classname="tests.test_silent_disco_v29.TestCodeReviewWebSocketGlobal" name="test_websocket_global_connection_code" time="0.001" /><testcase classname="tests.test_silent_disco_v29.TestCodeReviewWebSocketGlobal" name="test_no_polling_for_active_sessions" time="0.001" /><testcase classname="tests.test_silent_disco_v29.TestBackendNotificationManager" name="test_notification_manager_exists" time="0.000" /><testcase classname="tests.test_silent_disco_v29.TestBackendNotificationManager" name="test_websocket_notifications_endpoint_exists" time="0.000" /></testsuite></testsuites>