<?xml version="1.0" encoding="utf-8"?><testsuites name="pytest tests"><testsuite name="pytest" errors="0" failures="0" skipped="0" tests="9" time="0.359" timestamp="2026-01-19T11:30:13.631653+00:00" hostname="agent-env-679007fb-59b6-4606-877e-00f4db400864"><testcase classname="tests.test_silent_disco_features.TestSilentDiscoActiveSessions" name="test_active_sessions_returns_has_active_false_when_no_session" time="0.077" /><testcase classname="tests.test_silent_disco_features.TestSilentDiscoActiveSessions" name="test_active_sessions_response_structure" time="0.040" /><testcase classname="tests.test_silent_disco_features.TestFeatureFlags" name="test_audio_service_enabled" time="0.040" /><testcase classname="tests.test_silent_disco_features.TestStripeCheckoutConfig" name="test_stripe_checkout_endpoint_exists" time="0.080" /><testcase classname="tests.test_silent_disco_features.TestCodeReview" name="test_audiocontext_resume_in_play_handler" time="0.000" /><testcase classname="tests.test_silent_disco_features.TestCodeReview" name="test_cover_image_conditional_rendering" time="0.000" /><testcase classname="tests.test_silent_disco_features.TestCodeReview" name="test_twint_in_payment_methods" time="0.000" /><testcase classname="tests.test_silent_disco_features.TestCodeReview" name="test_live_session_active_state_initialization" time="0.000" /><testcase classname="tests.test_silent_disco_features.TestCodeReview" name="test_rejoindre_button_conditional_rendering" time="0.000" /></testsuite></testsuites>