<?xml version="1.0" encoding="utf-8"?><testsuites name="pytest tests"><testsuite name="pytest" errors="0" failures="0" skipped="0" tests="8" time="1.358" timestamp="2026-01-18T20:58:31.542958+00:00" hostname="agent-env-148f1cdb-cc6c-4ca2-9ec1-3351cf10b087"><testcase classname="tests.test_multi_date_selection.TestMultiDateSelection" name="test_api_health" time="0.102" /><testcase classname="tests.test_multi_date_selection.TestMultiDateSelection" name="test_get_courses" time="0.079" /><testcase classname="tests.test_multi_date_selection.TestMultiDateSelection" name="test_get_offers" time="0.043" /><testcase classname="tests.test_multi_date_selection.TestMultiDateSelection" name="test_create_reservation_with_single_date" time="0.175" /><testcase classname="tests.test_multi_date_selection.TestMultiDateSelection" name="test_create_reservation_with_multiple_dates" time="0.230" /><testcase classname="tests.test_multi_date_selection.TestMultiDateSelection" name="test_reservation_model_has_selected_dates_field" time="0.155" /><testcase classname="tests.test_multi_date_selection.TestMultiDateSelection" name="test_price_calculation_with_multiple_dates" time="0.408" /><testcase classname="tests.test_multi_date_selection.TestOffersVisibility" name="test_offers_endpoint" time="0.037" /></testsuite></testsuites>